
2017-01-10 15:42:34.632000 JD spider is starting......
=======================================================
2017-01-10 15:42:34.632000 step 1: downloading the main page......
2017-01-10 15:42:35.358000 parsing main page......
2017-01-10 15:42:35.372000 totally 91 product pages......
2017-01-10 15:42:35.372000 empty old product urls......
=======================================================
2017-01-10 15:42:35.373000 step 2: distributing the product pages to 4 threads......
2017-01-10 15:42:35.373000 each thread will handle 23 urls......
2017-01-10 15:42:35.373000 Thread 1 is starting.....
2017-01-10 15:42:35.374000 Thread 13764 :downloading product urls......
2017-01-10 15:42:36.374000 Thread 2 is starting.....
2017-01-10 15:42:36.374000 Thread 11160 :downloading product urls......
2017-01-10 15:42:37.376000 Thread 3 is starting.....
2017-01-10 15:42:37.376000 Thread 16172 :downloading product urls......
2017-01-10 15:42:38.377000 Thread 4 is starting.....
2017-01-10 15:42:38.377000 Thread 15500 :downloading product urls......
2017-01-10 15:42:45.821000 Thread 13764 :downloaded 23 product pages, 1380 product urls......
2017-01-10 15:42:45.942000 Thread 11160 :downloaded 23 product pages, 1380 product urls......
2017-01-10 15:42:47.284000 Thread 16172 :downloaded 23 product pages, 1380 product urls......
2017-01-10 15:42:47.557000 Thread 15500 :downloaded 22 product pages, 1294 product urls......
2017-01-10 15:42:47.558000 all threads are over.....
=======================================================
2017-01-10 15:42:47.558000 step 3: all product url is downloaded......

